<?xml version="1.0" encoding="UTF-8"?>
<robot generator="Robot 7.3.2 (Python 3.14.0 on win32)" generated="2025-12-21T12:36:59.113473" rpa="false" schemaversion="5">
<suite id="s1" name="TC1" source="C:\Users\Toshiba\OneDrive\Documentos\NewProjects\PythonProjects\TestProject\tests\TC1.robot">
<test id="s1-t1" name="LoginTest" line="9">
<kw name="Log" owner="BuiltIn">
<msg time="2025-12-21T12:36:59.489462" level="INFO">Hello World Robot Cesar</msg>
<arg>Hello World Robot Cesar</arg>
<doc>Logs the given message with the given level.</doc>
<status status="PASS" start="2025-12-21T12:36:59.489168" elapsed="0.000411"/>
</kw>
<kw name="Open Browser" owner="SeleniumLibrary">
<msg time="2025-12-21T12:36:59.490500" level="INFO">Opening browser 'chrome' to base url 'https://demo.nopcommerce.com/'.</msg>
<arg>${url}</arg>
<arg>${brwoser}</arg>
<doc>Opens a new browser instance to the optional ``url``.</doc>
<status status="PASS" start="2025-12-21T12:36:59.490103" elapsed="2.213068"/>
</kw>
<kw name="Maximize Browser Window" owner="SeleniumLibrary">
<doc>Maximizes current browser window.</doc>
<status status="PASS" start="2025-12-21T12:37:01.704362" elapsed="0.063221"/>
</kw>
<kw name="loginToApplication">
<kw name="Wait Until Element Is Visible" owner="SeleniumLibrary">
<arg>xpath=//a[@class='ico-login']</arg>
<arg>timeout=30</arg>
<doc>Waits until the element ``locator`` is visible.</doc>
<status status="PASS" start="2025-12-21T12:37:01.769695" elapsed="0.557440"/>
</kw>
<kw name="Click Link" owner="SeleniumLibrary">
<msg time="2025-12-21T12:37:02.327654" level="INFO">Clicking link 'xpath=//a[@class='ico-login']'.</msg>
<arg>xpath=//a[@class='ico-login']</arg>
<doc>Clicks a link identified by ``locator``.</doc>
<status status="PASS" start="2025-12-21T12:37:02.327381" elapsed="0.381883"/>
</kw>
<kw name="Sleep" owner="BuiltIn">
<msg time="2025-12-21T12:37:05.711201" level="INFO">Slept 3 seconds.</msg>
<arg>3</arg>
<doc>Pauses the test executed for the given time.</doc>
<status status="PASS" start="2025-12-21T12:37:02.709702" elapsed="3.001732"/>
</kw>
<kw name="Wait Until Element Is Visible" owner="SeleniumLibrary">
<msg time="2025-12-21T12:37:35.997446" level="INFO" html="true">&lt;/td&gt;&lt;/tr&gt;&lt;tr&gt;&lt;td colspan="3"&gt;&lt;a href="selenium-screenshot-14.png"&gt;&lt;img src="selenium-screenshot-14.png" width="800px"&gt;&lt;/a&gt;</msg>
<msg time="2025-12-21T12:37:35.997751" level="FAIL">Element 'id=Email' not visible after 30 seconds.</msg>
<arg>id=Email</arg>
<arg>timeout=30</arg>
<doc>Waits until the element ``locator`` is visible.</doc>
<status status="FAIL" start="2025-12-21T12:37:05.711806" elapsed="30.289353">Element 'id=Email' not visible after 30 seconds.</status>
</kw>
<kw name="Input Text" owner="SeleniumLibrary">
<arg>id=Email</arg>
<arg>pavonoltraining@gmail.com</arg>
<doc>Types the given ``text`` into the text field identified by ``locator``.</doc>
<status status="NOT RUN" start="2025-12-21T12:37:36.001407" elapsed="0.000052"/>
</kw>
<kw name="Input Text" owner="SeleniumLibrary">
<arg>id=Password</arg>
<arg>Test@123</arg>
<doc>Types the given ``text`` into the text field identified by ``locator``.</doc>
<status status="NOT RUN" start="2025-12-21T12:37:36.001632" elapsed="0.000052"/>
</kw>
<kw name="Click Element" owner="SeleniumLibrary">
<arg>xpath=//button[@class='button-1 login-button']</arg>
<doc>Click the element identified by ``locator``.</doc>
<status status="NOT RUN" start="2025-12-21T12:37:36.001838" elapsed="0.000046"/>
</kw>
<status status="FAIL" start="2025-12-21T12:37:01.768780" elapsed="34.233335">Element 'id=Email' not visible after 30 seconds.</status>
</kw>
<kw name="Close Browser" owner="SeleniumLibrary">
<doc>Closes the current browser.</doc>
<status status="NOT RUN" start="2025-12-21T12:37:36.002544" elapsed="0.000055"/>
</kw>
<status status="FAIL" start="2025-12-21T12:36:59.487171" elapsed="36.515937">Element 'id=Email' not visible after 30 seconds.</status>
</test>
<status status="FAIL" start="2025-12-21T12:36:59.116706" elapsed="36.887891"/>
</suite>
<statistics>
<total>
<stat pass="0" fail="1" skip="0">All Tests</stat>
</total>
<tag>
</tag>
<suite>
<stat name="TC1" id="s1" pass="0" fail="1" skip="0">TC1</stat>
</suite>
</statistics>
<errors>
</errors>
</robot>
