<?xml version="1.0" encoding="UTF-8"?>
<robot generator="Robot 7.3.2 (Python 3.14.0 on win32)" generated="2025-12-19T16:27:58.071516" rpa="false" schemaversion="5">
<suite id="s1" name="ApiTesting" source="C:\Users\Toshiba\OneDrive\Documentos\NewProjects\PythonProjects\TestProject\tests\ApiTesting.robot">
<test id="s1-t1" name="CreateBooking" line="14">
<kw name="Create Session For API" owner="BookingAPI">
<kw name="Create Session" owner="RequestsLibrary">
<msg time="2025-12-19T16:27:58.278364" level="INFO">Creating Session using : alias=booking_api, url=https://restful-booker.herokuapp.com, headers={},                     cookies={}, auth=None, timeout=None, proxies=None, verify=True,                     debug=0 </msg>
<arg>booking_api</arg>
<arg>${BASE_URL}</arg>
<arg>verify=True</arg>
<doc>Create Session: create a HTTP session to a server</doc>
<status status="PASS" start="2025-12-19T16:27:58.278110" elapsed="0.000483"/>
</kw>
<status status="PASS" start="2025-12-19T16:27:58.277401" elapsed="0.001309"/>
</kw>
<kw name="Create Booking" owner="BookingAPI">
<kw name="Create Dictionary" owner="BuiltIn">
<msg time="2025-12-19T16:27:58.280369" level="INFO">${bookingdates} = {'checkin': '2018-07-01', 'checkout': '2019-07-20'}</msg>
<var>${bookingdates}</var>
<arg>checkin=${checkin}</arg>
<arg>checkout=${checkout}</arg>
<doc>Creates and returns a dictionary based on the given ``items``.</doc>
<status status="PASS" start="2025-12-19T16:27:58.279580" elapsed="0.000826"/>
</kw>
<kw name="Create Dictionary" owner="BuiltIn">
<msg time="2025-12-19T16:27:58.281002" level="INFO">${request_body} = {'firstname': 'Jim', 'lastname': 'Brown', 'totalprice': '111', 'depositpaid': True, 'bookingdates': {'checkin': '2018-07-01', 'checkout': '2019-07-20'}, 'additionalneeds': 'Breakfast'}</msg>
<var>${request_body}</var>
<arg>firstname=${firstname}</arg>
<arg>lastname=${lastname}</arg>
<arg>totalprice=${totalprice}</arg>
<arg>depositpaid=${depositpaid}</arg>
<arg>bookingdates=${bookingdates}</arg>
<arg>additionalneeds=${additionalneeds}</arg>
<doc>Creates and returns a dictionary based on the given ``items``.</doc>
<status status="PASS" start="2025-12-19T16:27:58.280529" elapsed="0.000506"/>
</kw>
<kw name="POST On Session" owner="RequestsLibrary">
<msg time="2025-12-19T16:27:59.239687" level="INFO">POST Request : url=https://restful-booker.herokuapp.com/booking 
 path_url=/booking 
 headers={'User-Agent': 'python-requests/2.32.5', 'Accept-Encoding': 'gzip, deflate, zstd', 'Accept': '*/*', 'Connection': 'keep-alive', 'Content-Length': '184', 'Content-Type': 'application/json'} 
 body=b'{"firstname": "Jim", "lastname": "Brown", "totalprice": "111", "depositpaid": true, "bookingdates": {"checkin": "2018-07-01", "checkout": "2019-07-20"}, "additionalneeds": "Breakfast"}' 
 </msg>
<msg time="2025-12-19T16:27:59.240257" level="INFO">POST Response : url=https://restful-booker.herokuapp.com/booking 
 status=200, reason=OK 
 headers={'Content-Length': '197', 'Content-Type': 'application/json; charset=utf-8', 'Date': 'Fri, 19 Dec 2025 21:27:58 GMT', 'Etag': 'W/"c5-mdTlUhDFm63P2b0mkkM9o9ZXBqw"', 'Nel': '{"report_to":"heroku-nel","response_headers":["Via"],"max_age":3600,"success_fraction":0.01,"failure_fraction":0.1}', 'Report-To': '{"group":"heroku-nel","endpoints":[{"url":"https://nel.heroku.com/reports?s=TCHvhUHwW5XvQDu5T95pGH2%2FDLEAv8IgqM3iU%2FnS7pQ%3D\\u0026sid=c46efe9b-d3d2-4a0c-8c76-bfafa16c5add\\u0026ts=1766179678"}],"max_age":3600}', 'Reporting-Endpoints': 'heroku-nel="https://nel.heroku.com/reports?s=TCHvhUHwW5XvQDu5T95pGH2%2FDLEAv8IgqM3iU%2FnS7pQ%3D&amp;sid=c46efe9b-d3d2-4a0c-8c76-bfafa16c5add&amp;ts=1766179678"', 'Server': 'Heroku', 'Via': '1.1 heroku-router', 'X-Powered-By': 'Express'} 
 body={"bookingid":3718,"booking":{"firstname":"Jim","lastname":"Brown","totalprice":111,"depositpaid":true,"bookingdates":{"checkin":"2018-07-01","checkout":"2019-07-20"},"additionalneeds":"Breakfast"}} 
 </msg>
<msg time="2025-12-19T16:27:59.240793" level="INFO">${response} = &lt;Response [200]&gt;</msg>
<var>${response}</var>
<arg>booking_api</arg>
<arg>${BOOKING_ENDPOINT}</arg>
<arg>json=${request_body}</arg>
<doc>Sends a POST request on a previously created HTTP Session.</doc>
<status status="PASS" start="2025-12-19T16:27:58.281156" elapsed="0.959762"/>
</kw>
<return>
<value>${response}</value>
<status status="PASS" start="2025-12-19T16:27:59.241330" elapsed="0.000213"/>
</return>
<msg time="2025-12-19T16:27:59.242218" level="INFO">${response} = &lt;Response [200]&gt;</msg>
<var>${response}</var>
<arg>${FIRSTNAME}</arg>
<arg>${LASTNAME}</arg>
<arg>${TOTALPRICE}</arg>
<arg>${DEPOSITPAID}</arg>
<arg>${CHECKIN}</arg>
<arg>${CHECKOUT}</arg>
<arg>${ADDITIONALNEEDS}</arg>
<status status="PASS" start="2025-12-19T16:27:58.279058" elapsed="0.963281"/>
</kw>
<kw name="Log" owner="BuiltIn">
<msg time="2025-12-19T16:27:59.245653" level="INFO">Status Code: 200</msg>
<arg>Status Code: ${response.status_code}</arg>
<doc>Logs the given message with the given level.</doc>
<status status="PASS" start="2025-12-19T16:27:59.243497" elapsed="0.002396"/>
</kw>
<kw name="Log" owner="BuiltIn">
<msg time="2025-12-19T16:27:59.248766" level="INFO">Response Text: {"bookingid":3718,"booking":{"firstname":"Jim","lastname":"Brown","totalprice":111,"depositpaid":true,"bookingdates":{"checkin":"2018-07-01","checkout":"2019-07-20"},"additionalneeds":"Breakfast"}}</msg>
<arg>Response Text: ${response.text}</arg>
<doc>Logs the given message with the given level.</doc>
<status status="PASS" start="2025-12-19T16:27:59.246817" elapsed="0.002240"/>
</kw>
<kw name="Should Be Equal As Integers" owner="BuiltIn">
<msg time="2025-12-19T16:27:59.251902" level="INFO">Argument types are:
&lt;class 'int'&gt;
&lt;class 'str'&gt;</msg>
<arg>${response.status_code}</arg>
<arg>200</arg>
<doc>Fails if objects are unequal after converting them to integers.</doc>
<status status="PASS" start="2025-12-19T16:27:59.250051" elapsed="0.002138"/>
</kw>
<kw name="Get Booking ID From Response" owner="BookingAPI">
<kw name="Get From Dictionary" owner="Collections">
<msg time="2025-12-19T16:27:59.256859" level="INFO">${booking_id} = 3718</msg>
<var>${booking_id}</var>
<arg>${response.json()}</arg>
<arg>bookingid</arg>
<doc>Returns a value from the given ``dictionary`` based on the given ``key``.</doc>
<status status="PASS" start="2025-12-19T16:27:59.254644" elapsed="0.002352"/>
</kw>
<return>
<value>${booking_id}</value>
<status status="PASS" start="2025-12-19T16:27:59.257255" elapsed="0.000183"/>
</return>
<msg time="2025-12-19T16:27:59.258037" level="INFO">${booking_id} = 3718</msg>
<var>${booking_id}</var>
<arg>${response}</arg>
<status status="PASS" start="2025-12-19T16:27:59.253454" elapsed="0.004698"/>
</kw>
<kw name="Log" owner="BuiltIn">
<msg time="2025-12-19T16:27:59.259834" level="INFO">Booking ID: 3718</msg>
<arg>Booking ID: ${booking_id}</arg>
<doc>Logs the given message with the given level.</doc>
<status status="PASS" start="2025-12-19T16:27:59.259200" elapsed="0.000846"/>
</kw>
<kw name="Set Suite Variable" owner="BuiltIn">
<msg time="2025-12-19T16:27:59.261863" level="INFO">${BOOKING_ID} = 3718</msg>
<arg>${BOOKING_ID}</arg>
<arg>${booking_id}</arg>
<doc>Makes a variable available everywhere within the scope of the current suite.</doc>
<status status="PASS" start="2025-12-19T16:27:59.261005" elapsed="0.001060"/>
</kw>
<doc>Test to create a booking and validate response</doc>
<status status="PASS" start="2025-12-19T16:27:58.276559" elapsed="0.986491"/>
</test>
<test id="s1-t2" name="GetBooking" line="31">
<kw name="Get Booking" owner="BookingAPI">
<kw name="GET On Session" owner="RequestsLibrary">
<msg time="2025-12-19T16:27:59.365900" level="INFO">GET Request : url=https://restful-booker.herokuapp.com/booking/3718 
 path_url=/booking/3718 
 headers={'User-Agent': 'python-requests/2.32.5', 'Accept-Encoding': 'gzip, deflate, zstd', 'Accept': '*/*', 'Connection': 'keep-alive'} 
 body=None 
 </msg>
<msg time="2025-12-19T16:27:59.366037" level="INFO">GET Response : url=https://restful-booker.herokuapp.com/booking/3718 
 status=200, reason=OK 
 headers={'Content-Length': '168', 'Content-Type': 'application/json; charset=utf-8', 'Date': 'Fri, 19 Dec 2025 21:27:58 GMT', 'Etag': 'W/"a8-g1zEKO56Oqa5GlM4Xzou0HvxI2Q"', 'Nel': '{"report_to":"heroku-nel","response_headers":["Via"],"max_age":3600,"success_fraction":0.01,"failure_fraction":0.1}', 'Report-To': '{"group":"heroku-nel","endpoints":[{"url":"https://nel.heroku.com/reports?s=TCHvhUHwW5XvQDu5T95pGH2%2FDLEAv8IgqM3iU%2FnS7pQ%3D\\u0026sid=c46efe9b-d3d2-4a0c-8c76-bfafa16c5add\\u0026ts=1766179678"}],"max_age":3600}', 'Reporting-Endpoints': 'heroku-nel="https://nel.heroku.com/reports?s=TCHvhUHwW5XvQDu5T95pGH2%2FDLEAv8IgqM3iU%2FnS7pQ%3D&amp;sid=c46efe9b-d3d2-4a0c-8c76-bfafa16c5add&amp;ts=1766179678"', 'Server': 'Heroku', 'Via': '1.1 heroku-router', 'X-Powered-By': 'Express'} 
 body={"firstname":"Jim","lastname":"Brown","totalprice":111,"depositpaid":true,"bookingdates":{"checkin":"2018-07-01","checkout":"2019-07-20"},"additionalneeds":"Breakfast"} 
 </msg>
<msg time="2025-12-19T16:27:59.366267" level="INFO">${response} = &lt;Response [200]&gt;</msg>
<var>${response}</var>
<arg>booking_api</arg>
<arg>${BOOKING_ENDPOINT}/${booking_id}</arg>
<doc>Sends a GET request on a previously created HTTP Session.</doc>
<status status="PASS" start="2025-12-19T16:27:59.271231" elapsed="0.095081"/>
</kw>
<return>
<value>${response}</value>
<status status="PASS" start="2025-12-19T16:27:59.366417" elapsed="0.000058"/>
</return>
<msg time="2025-12-19T16:27:59.366690" level="INFO">${response} = &lt;Response [200]&gt;</msg>
<var>${response}</var>
<arg>${BOOKING_ID}</arg>
<status status="PASS" start="2025-12-19T16:27:59.269550" elapsed="0.097178"/>
</kw>
<kw name="Log" owner="BuiltIn">
<msg time="2025-12-19T16:27:59.367763" level="INFO">Status Code: 200</msg>
<arg>Status Code: ${response.status_code}</arg>
<doc>Logs the given message with the given level.</doc>
<status status="PASS" start="2025-12-19T16:27:59.367090" elapsed="0.000742"/>
</kw>
<kw name="Log" owner="BuiltIn">
<msg time="2025-12-19T16:27:59.368785" level="INFO">Response Text: {"firstname":"Jim","lastname":"Brown","totalprice":111,"depositpaid":true,"bookingdates":{"checkin":"2018-07-01","checkout":"2019-07-20"},"additionalneeds":"Breakfast"}</msg>
<arg>Response Text: ${response.text}</arg>
<doc>Logs the given message with the given level.</doc>
<status status="PASS" start="2025-12-19T16:27:59.368138" elapsed="0.000718"/>
</kw>
<kw name="Should Be Equal As Integers" owner="BuiltIn">
<msg time="2025-12-19T16:27:59.369777" level="INFO">Argument types are:
&lt;class 'int'&gt;
&lt;class 'str'&gt;</msg>
<arg>${response.status_code}</arg>
<arg>200</arg>
<doc>Fails if objects are unequal after converting them to integers.</doc>
<status status="PASS" start="2025-12-19T16:27:59.369181" elapsed="0.000707"/>
</kw>
<kw name="Get From Dictionary" owner="Collections">
<msg time="2025-12-19T16:27:59.370865" level="INFO">${firstName} = Jim</msg>
<var>${firstName}</var>
<arg>${response.json()}</arg>
<arg>firstname</arg>
<doc>Returns a value from the given ``dictionary`` based on the given ``key``.</doc>
<status status="PASS" start="2025-12-19T16:27:59.370191" elapsed="0.000739"/>
</kw>
<kw name="Get From Dictionary" owner="Collections">
<msg time="2025-12-19T16:27:59.372121" level="INFO">${lastName} = Brown</msg>
<var>${lastName}</var>
<arg>${response.json()}</arg>
<arg>lastname</arg>
<doc>Returns a value from the given ``dictionary`` based on the given ``key``.</doc>
<status status="PASS" start="2025-12-19T16:27:59.371303" elapsed="0.000857"/>
</kw>
<kw name="Get From Dictionary" owner="Collections">
<msg time="2025-12-19T16:27:59.373318" level="INFO">${totalPrice} = 111</msg>
<var>${totalPrice}</var>
<arg>${response.json()}</arg>
<arg>totalprice</arg>
<doc>Returns a value from the given ``dictionary`` based on the given ``key``.</doc>
<status status="PASS" start="2025-12-19T16:27:59.372533" elapsed="0.000823"/>
</kw>
<kw name="Log" owner="BuiltIn">
<msg time="2025-12-19T16:27:59.373959" level="INFO">First Name: Jim</msg>
<arg>First Name: ${firstName}</arg>
<doc>Logs the given message with the given level.</doc>
<status status="PASS" start="2025-12-19T16:27:59.373715" elapsed="0.000333"/>
</kw>
<kw name="Log" owner="BuiltIn">
<msg time="2025-12-19T16:27:59.374646" level="INFO">Last Name: Brown</msg>
<arg>Last Name: ${lastName}</arg>
<doc>Logs the given message with the given level.</doc>
<status status="PASS" start="2025-12-19T16:27:59.374414" elapsed="0.000301"/>
</kw>
<kw name="Log" owner="BuiltIn">
<msg time="2025-12-19T16:27:59.375576" level="INFO">Total Price: 111</msg>
<arg>Total Price: ${totalPrice}</arg>
<doc>Logs the given message with the given level.</doc>
<status status="PASS" start="2025-12-19T16:27:59.375320" elapsed="0.000330"/>
</kw>
<kw name="Get From Dictionary" owner="Collections">
<msg time="2025-12-19T16:27:59.376791" level="INFO">${bookingdates} = {'checkin': '2018-07-01', 'checkout': '2019-07-20'}</msg>
<var>${bookingdates}</var>
<arg>${response.json()}</arg>
<arg>bookingdates</arg>
<doc>Returns a value from the given ``dictionary`` based on the given ``key``.</doc>
<status status="PASS" start="2025-12-19T16:27:59.376025" elapsed="0.000862"/>
</kw>
<kw name="Get From Dictionary" owner="Collections">
<msg time="2025-12-19T16:27:59.377629" level="INFO">${checkin} = 2018-07-01</msg>
<var>${checkin}</var>
<arg>${bookingdates}</arg>
<arg>checkin</arg>
<doc>Returns a value from the given ``dictionary`` based on the given ``key``.</doc>
<status status="PASS" start="2025-12-19T16:27:59.377246" elapsed="0.000461"/>
</kw>
<kw name="Get From Dictionary" owner="Collections">
<msg time="2025-12-19T16:27:59.378427" level="INFO">${checkout} = 2019-07-20</msg>
<var>${checkout}</var>
<arg>${bookingdates}</arg>
<arg>checkout</arg>
<doc>Returns a value from the given ``dictionary`` based on the given ``key``.</doc>
<status status="PASS" start="2025-12-19T16:27:59.378112" elapsed="0.000375"/>
</kw>
<kw name="Log" owner="BuiltIn">
<msg time="2025-12-19T16:27:59.379226" level="INFO">Check-in Date: 2018-07-01</msg>
<arg>Check-in Date: ${checkin}</arg>
<doc>Logs the given message with the given level.</doc>
<status status="PASS" start="2025-12-19T16:27:59.378905" elapsed="0.000436"/>
</kw>
<kw name="Log" owner="BuiltIn">
<msg time="2025-12-19T16:27:59.380025" level="INFO">Check-out Date: 2019-07-20</msg>
<arg>Check-out Date: ${checkout}</arg>
<doc>Logs the given message with the given level.</doc>
<status status="PASS" start="2025-12-19T16:27:59.379773" elapsed="0.000324"/>
</kw>
<kw name="Should Be Equal" owner="BuiltIn">
<arg>${firstName}</arg>
<arg>${FIRSTNAME}</arg>
<doc>Fails if the given objects are unequal.</doc>
<status status="PASS" start="2025-12-19T16:27:59.380522" elapsed="0.000395"/>
</kw>
<kw name="Should Be Equal" owner="BuiltIn">
<arg>${lastName}</arg>
<arg>${LASTNAME}</arg>
<doc>Fails if the given objects are unequal.</doc>
<status status="PASS" start="2025-12-19T16:27:59.381319" elapsed="0.000426"/>
</kw>
<kw name="Should Be Equal As Integers" owner="BuiltIn">
<arg>${totalPrice}</arg>
<arg>${TOTALPRICE}</arg>
<doc>Fails if objects are unequal after converting them to integers.</doc>
<status status="PASS" start="2025-12-19T16:27:59.382347" elapsed="0.000397"/>
</kw>
<kw name="Should Be Equal" owner="BuiltIn">
<arg>${checkin}</arg>
<arg>${CHECKIN}</arg>
<doc>Fails if the given objects are unequal.</doc>
<status status="PASS" start="2025-12-19T16:27:59.383080" elapsed="0.000374"/>
</kw>
<kw name="Should Be Equal" owner="BuiltIn">
<arg>${checkout}</arg>
<arg>${CHECKOUT}</arg>
<doc>Fails if the given objects are unequal.</doc>
<status status="PASS" start="2025-12-19T16:27:59.383766" elapsed="0.000323"/>
</kw>
<doc>Test to get a booking by ID and validate response</doc>
<tag>get_booking</tag>
<status status="PASS" start="2025-12-19T16:27:59.265949" elapsed="0.118518"/>
</test>
<test id="s1-t3" name="DeleteBooking" line="67">
<kw name="Delete Booking" owner="BookingAPI">
<kw name="Evaluate" owner="BuiltIn">
<msg time="2025-12-19T16:27:59.387245" level="INFO">${auth} = ('admin', 'password123')</msg>
<var>${auth}</var>
<arg>('${username}', '${password}')</arg>
<doc>Evaluates the given expression in Python and returns the result.</doc>
<status status="PASS" start="2025-12-19T16:27:59.386820" elapsed="0.000482"/>
</kw>
<kw name="DELETE On Session" owner="RequestsLibrary">
<msg time="2025-12-19T16:27:59.482298" level="INFO">DELETE Request : url=https://restful-booker.herokuapp.com/booking/3718 
 path_url=/booking/3718 
 headers={'User-Agent': 'python-requests/2.32.5', 'Accept-Encoding': 'gzip, deflate, zstd', 'Accept': '*/*', 'Connection': 'keep-alive', 'Content-Length': '0', 'Authorization': 'Basic YWRtaW46cGFzc3dvcmQxMjM='} 
 body=None 
 </msg>
<msg time="2025-12-19T16:27:59.482442" level="INFO">DELETE Response : url=https://restful-booker.herokuapp.com/booking/3718 
 status=201, reason=Created 
 headers={'Content-Length': '7', 'Content-Type': 'text/plain; charset=utf-8', 'Date': 'Fri, 19 Dec 2025 21:27:58 GMT', 'Etag': 'W/"7-rM9AyJuqT6iOan/xHh+AW+7K/T8"', 'Nel': '{"report_to":"heroku-nel","response_headers":["Via"],"max_age":3600,"success_fraction":0.01,"failure_fraction":0.1}', 'Report-To': '{"group":"heroku-nel","endpoints":[{"url":"https://nel.heroku.com/reports?s=TCHvhUHwW5XvQDu5T95pGH2%2FDLEAv8IgqM3iU%2FnS7pQ%3D\\u0026sid=c46efe9b-d3d2-4a0c-8c76-bfafa16c5add\\u0026ts=1766179678"}],"max_age":3600}', 'Reporting-Endpoints': 'heroku-nel="https://nel.heroku.com/reports?s=TCHvhUHwW5XvQDu5T95pGH2%2FDLEAv8IgqM3iU%2FnS7pQ%3D&amp;sid=c46efe9b-d3d2-4a0c-8c76-bfafa16c5add&amp;ts=1766179678"', 'Server': 'Heroku', 'Via': '1.1 heroku-router', 'X-Powered-By': 'Express'} 
 body=Created 
 </msg>
<msg time="2025-12-19T16:27:59.482660" level="INFO">${response} = &lt;Response [201]&gt;</msg>
<var>${response}</var>
<arg>booking_api</arg>
<arg>${BOOKING_ENDPOINT}/${booking_id}</arg>
<arg>auth=${auth}</arg>
<doc>Sends a DELETE request on a previously created HTTP Session.</doc>
<status status="PASS" start="2025-12-19T16:27:59.387481" elapsed="0.095219"/>
</kw>
<return>
<value>${response}</value>
<status status="PASS" start="2025-12-19T16:27:59.482821" elapsed="0.000065"/>
</return>
<msg time="2025-12-19T16:27:59.483094" level="INFO">${response} = &lt;Response [201]&gt;</msg>
<var>${response}</var>
<arg>${BOOKING_ID}</arg>
<arg>admin</arg>
<arg>password123</arg>
<status status="PASS" start="2025-12-19T16:27:59.386223" elapsed="0.096928"/>
</kw>
<kw name="Log" owner="BuiltIn">
<msg time="2025-12-19T16:27:59.484165" level="INFO">Status Code: 201</msg>
<arg>Status Code: ${response.status_code}</arg>
<doc>Logs the given message with the given level.</doc>
<status status="PASS" start="2025-12-19T16:27:59.483485" elapsed="0.000767"/>
</kw>
<kw name="Log" owner="BuiltIn">
<msg time="2025-12-19T16:27:59.486090" level="INFO">Response Text: Created</msg>
<arg>Response Text: ${response.text}</arg>
<doc>Logs the given message with the given level.</doc>
<status status="PASS" start="2025-12-19T16:27:59.484676" elapsed="0.001547"/>
</kw>
<kw name="Should Be Equal As Integers" owner="BuiltIn">
<msg time="2025-12-19T16:27:59.487641" level="INFO">Argument types are:
&lt;class 'int'&gt;
&lt;class 'str'&gt;</msg>
<arg>${response.status_code}</arg>
<arg>201</arg>
<doc>Fails if objects are unequal after converting them to integers.</doc>
<status status="PASS" start="2025-12-19T16:27:59.486630" elapsed="0.001140"/>
</kw>
<doc>Test to delete a booking and validate response</doc>
<tag>delete_booking</tag>
<status status="PASS" start="2025-12-19T16:27:59.385330" elapsed="0.102849"/>
</test>
<status status="PASS" start="2025-12-19T16:27:58.073650" elapsed="1.415687"/>
</suite>
<statistics>
<total>
<stat pass="3" fail="0" skip="0">All Tests</stat>
</total>
<tag>
<stat pass="1" fail="0" skip="0">delete_booking</stat>
<stat pass="1" fail="0" skip="0">get_booking</stat>
</tag>
<suite>
<stat name="ApiTesting" id="s1" pass="3" fail="0" skip="0">ApiTesting</stat>
</suite>
</statistics>
<errors>
</errors>
</robot>
