<?xml version="1.0" encoding="UTF-8"?>
<robot generator="Robot 7.3.2 (Python 3.14.0 on win32)" generated="2025-12-21T12:33:52.200852" rpa="false" schemaversion="5">
<suite id="s1" name="TC1" source="C:\Users\Toshiba\OneDrive\Documentos\NewProjects\PythonProjects\TestProject\tests\TC1.robot">
<test id="s1-t1" name="LoginTest" line="9">
<kw name="Log" owner="BuiltIn">
<msg time="2025-12-21T12:33:52.652661" level="INFO">Hello World Robot Cesar</msg>
<arg>Hello World Robot Cesar</arg>
<doc>Logs the given message with the given level.</doc>
<status status="PASS" start="2025-12-21T12:33:52.652181" elapsed="0.002184"/>
</kw>
<kw name="Open Browser" owner="SeleniumLibrary">
<msg time="2025-12-21T12:33:52.655260" level="INFO">Opening browser 'headlesschrome' to base url 'https://demo.nopcommerce.com/'.</msg>
<arg>${url}</arg>
<arg>${brwoser}</arg>
<doc>Opens a new browser instance to the optional ``url``.</doc>
<status status="PASS" start="2025-12-21T12:33:52.654774" elapsed="1.708993"/>
</kw>
<kw name="Maximize Browser Window" owner="SeleniumLibrary">
<doc>Maximizes current browser window.</doc>
<status status="PASS" start="2025-12-21T12:33:54.364237" elapsed="0.034622"/>
</kw>
<kw name="loginToApplication">
<kw name="Click Link" owner="SeleniumLibrary">
<msg time="2025-12-21T12:33:54.400448" level="INFO">Clicking link 'xpath=//a[@class='ico-login']'.</msg>
<msg time="2025-12-21T12:33:54.552052" level="INFO" html="true">&lt;/td&gt;&lt;/tr&gt;&lt;tr&gt;&lt;td colspan="3"&gt;&lt;a href="selenium-screenshot-2.png"&gt;&lt;img src="selenium-screenshot-2.png" width="800px"&gt;&lt;/a&gt;</msg>
<msg time="2025-12-21T12:33:54.552700" level="FAIL">Link with locator 'xpath=//a[@class='ico-login']' not found.</msg>
<arg>xpath=//a[@class='ico-login']</arg>
<doc>Clicks a link identified by ``locator``.</doc>
<status status="FAIL" start="2025-12-21T12:33:54.399877" elapsed="0.160378">Link with locator 'xpath=//a[@class='ico-login']' not found.</status>
</kw>
<kw name="Sleep" owner="BuiltIn">
<arg>2</arg>
<doc>Pauses the test executed for the given time.</doc>
<status status="NOT RUN" start="2025-12-21T12:33:54.560778" elapsed="0.000169"/>
</kw>
<kw name="Input Text" owner="SeleniumLibrary">
<arg>id=Email</arg>
<arg>pavonoltraining@gmail.com</arg>
<doc>Types the given ``text`` into the text field identified by ``locator``.</doc>
<status status="NOT RUN" start="2025-12-21T12:33:54.561164" elapsed="0.000145"/>
</kw>
<kw name="Input Text" owner="SeleniumLibrary">
<arg>id=Password</arg>
<arg>Test@123</arg>
<doc>Types the given ``text`` into the text field identified by ``locator``.</doc>
<status status="NOT RUN" start="2025-12-21T12:33:54.561532" elapsed="0.000121"/>
</kw>
<kw name="Click Element" owner="SeleniumLibrary">
<arg>xpath=//button[@class='button-1 login-button']</arg>
<doc>Click the element identified by ``locator``.</doc>
<status status="NOT RUN" start="2025-12-21T12:33:54.561829" elapsed="0.000126"/>
</kw>
<status status="FAIL" start="2025-12-21T12:33:54.399388" elapsed="0.162787">Link with locator 'xpath=//a[@class='ico-login']' not found.</status>
</kw>
<kw name="Close Browser" owner="SeleniumLibrary">
<doc>Closes the current browser.</doc>
<status status="NOT RUN" start="2025-12-21T12:33:54.562416" elapsed="0.000146"/>
</kw>
<status status="FAIL" start="2025-12-21T12:33:52.650205" elapsed="1.912686">Link with locator 'xpath=//a[@class='ico-login']' not found.</status>
</test>
<status status="FAIL" start="2025-12-21T12:33:52.222262" elapsed="2.341824"/>
</suite>
<statistics>
<total>
<stat pass="0" fail="1" skip="0">All Tests</stat>
</total>
<tag>
</tag>
<suite>
<stat name="TC1" id="s1" pass="0" fail="1" skip="0">TC1</stat>
</suite>
</statistics>
<errors>
</errors>
</robot>
