<?xml version="1.0" encoding="UTF-8"?>
<robot generator="Robot 7.3.2 (Python 3.14.0 on win32)" generated="2025-12-19T11:16:58.958708" rpa="false" schemaversion="5">
<suite id="s1" name="ApiTesting" source="C:\Users\Toshiba\OneDrive\Documentos\NewProjects\PythonProjects\TestProject\tests\ApiTesting.robot">
<test id="s1-t1" name="CreateBooking" line="14">
<kw name="Create Session For API" owner="BookingAPI">
<kw name="Create Session" owner="RequestsLibrary">
<msg time="2025-12-19T11:16:59.397040" level="INFO">Creating Session using : alias=booking_api, url=https://restful-booker.herokuapp.com, headers={},                     cookies={}, auth=None, timeout=None, proxies=None, verify=True,                     debug=0 </msg>
<arg>booking_api</arg>
<arg>${BASE_URL}</arg>
<arg>verify=True</arg>
<doc>Create Session: create a HTTP session to a server</doc>
<status status="PASS" start="2025-12-19T11:16:59.396512" elapsed="0.003741"/>
</kw>
<status status="PASS" start="2025-12-19T11:16:59.395196" elapsed="0.005287"/>
</kw>
<kw name="Create Booking" owner="BookingAPI">
<kw name="Create Dictionary" owner="BuiltIn">
<msg time="2025-12-19T11:16:59.402325" level="INFO">${bookingdates} = {'checkin': '2018-07-01', 'checkout': '2019-07-20'}</msg>
<var>${bookingdates}</var>
<arg>checkin=${checkin}</arg>
<arg>checkout=${checkout}</arg>
<doc>Creates and returns a dictionary based on the given ``items``.</doc>
<status status="PASS" start="2025-12-19T11:16:59.401736" elapsed="0.000708"/>
</kw>
<kw name="Create Dictionary" owner="BuiltIn">
<msg time="2025-12-19T11:16:59.403200" level="INFO">${request_body} = {'firstname': 'Jim', 'lastname': 'Brown', 'totalprice': '111', 'depositpaid': True, 'bookingdates': {'checkin': '2018-07-01', 'checkout': '2019-07-20'}, 'additionalneeds': 'Breakfast'}</msg>
<var>${request_body}</var>
<arg>firstname=${firstname}</arg>
<arg>lastname=${lastname}</arg>
<arg>totalprice=${totalprice}</arg>
<arg>depositpaid=${depositpaid}</arg>
<arg>bookingdates=${bookingdates}</arg>
<arg>additionalneeds=${additionalneeds}</arg>
<doc>Creates and returns a dictionary based on the given ``items``.</doc>
<status status="PASS" start="2025-12-19T11:16:59.402652" elapsed="0.000640"/>
</kw>
<kw name="POST On Session" owner="RequestsLibrary">
<msg time="2025-12-19T11:17:00.304696" level="INFO">POST Request : url=https://restful-booker.herokuapp.com/booking 
 path_url=/booking 
 headers={'User-Agent': 'python-requests/2.32.5', 'Accept-Encoding': 'gzip, deflate, zstd', 'Accept': '*/*', 'Connection': 'keep-alive', 'Content-Length': '184', 'Content-Type': 'application/json'} 
 body=b'{"firstname": "Jim", "lastname": "Brown", "totalprice": "111", "depositpaid": true, "bookingdates": {"checkin": "2018-07-01", "checkout": "2019-07-20"}, "additionalneeds": "Breakfast"}' 
 </msg>
<msg time="2025-12-19T11:17:00.305586" level="INFO">POST Response : url=https://restful-booker.herokuapp.com/booking 
 status=200, reason=OK 
 headers={'Content-Length': '197', 'Content-Type': 'application/json; charset=utf-8', 'Date': 'Fri, 19 Dec 2025 16:17:00 GMT', 'Etag': 'W/"c5-hMn5PcT9cw2fzqWml1g1S6tdEzc"', 'Nel': '{"report_to":"heroku-nel","response_headers":["Via"],"max_age":3600,"success_fraction":0.01,"failure_fraction":0.1}', 'Report-To': '{"group":"heroku-nel","endpoints":[{"url":"https://nel.heroku.com/reports?s=pXV5UUon5kCoJfBmFZPp0DExQBK4GQ%2BQPk5GR8WlBK8%3D\\u0026sid=c46efe9b-d3d2-4a0c-8c76-bfafa16c5add\\u0026ts=1766161020"}],"max_age":3600}', 'Reporting-Endpoints': 'heroku-nel="https://nel.heroku.com/reports?s=pXV5UUon5kCoJfBmFZPp0DExQBK4GQ%2BQPk5GR8WlBK8%3D&amp;sid=c46efe9b-d3d2-4a0c-8c76-bfafa16c5add&amp;ts=1766161020"', 'Server': 'Heroku', 'Via': '1.1 heroku-router', 'X-Powered-By': 'Express'} 
 body={"bookingid":3444,"booking":{"firstname":"Jim","lastname":"Brown","totalprice":111,"depositpaid":true,"bookingdates":{"checkin":"2018-07-01","checkout":"2019-07-20"},"additionalneeds":"Breakfast"}} 
 </msg>
<msg time="2025-12-19T11:17:00.306416" level="INFO">${response} = &lt;Response [200]&gt;</msg>
<var>${response}</var>
<arg>booking_api</arg>
<arg>${BOOKING_ENDPOINT}</arg>
<arg>json=${request_body}</arg>
<doc>Sends a POST request on a previously created HTTP Session.</doc>
<status status="PASS" start="2025-12-19T11:16:59.403471" elapsed="0.903300"/>
</kw>
<return>
<value>${response}</value>
<status status="PASS" start="2025-12-19T11:17:00.307308" elapsed="0.000480"/>
</return>
<msg time="2025-12-19T11:17:00.308671" level="INFO">${response} = &lt;Response [200]&gt;</msg>
<var>${response}</var>
<arg>${FIRSTNAME}</arg>
<arg>${LASTNAME}</arg>
<arg>${TOTALPRICE}</arg>
<arg>${DEPOSITPAID}</arg>
<arg>${CHECKIN}</arg>
<arg>${CHECKOUT}</arg>
<arg>${ADDITIONALNEEDS}</arg>
<status status="PASS" start="2025-12-19T11:16:59.400980" elapsed="0.908030"/>
</kw>
<kw name="Log" owner="BuiltIn">
<msg time="2025-12-19T11:17:00.312301" level="INFO">Status Code: 200</msg>
<arg>Status Code: ${response.status_code}</arg>
<doc>Logs the given message with the given level.</doc>
<status status="PASS" start="2025-12-19T11:17:00.309898" elapsed="0.002871"/>
</kw>
<kw name="Log" owner="BuiltIn">
<msg time="2025-12-19T11:17:00.316299" level="INFO">Response Text: {"bookingid":3444,"booking":{"firstname":"Jim","lastname":"Brown","totalprice":111,"depositpaid":true,"bookingdates":{"checkin":"2018-07-01","checkout":"2019-07-20"},"additionalneeds":"Breakfast"}}</msg>
<arg>Response Text: ${response.text}</arg>
<doc>Logs the given message with the given level.</doc>
<status status="PASS" start="2025-12-19T11:17:00.313974" elapsed="0.002804"/>
</kw>
<kw name="Should Be Equal As Integers" owner="BuiltIn">
<msg time="2025-12-19T11:17:00.319550" level="INFO">Argument types are:
&lt;class 'int'&gt;
&lt;class 'str'&gt;</msg>
<arg>${response.status_code}</arg>
<arg>200</arg>
<doc>Fails if objects are unequal after converting them to integers.</doc>
<status status="PASS" start="2025-12-19T11:17:00.317402" elapsed="0.002712"/>
</kw>
<kw name="Get Booking ID From Response" owner="BookingAPI">
<kw name="Get From Dictionary" owner="Collections">
<msg time="2025-12-19T11:17:00.322341" level="INFO">${booking_id} = 3444</msg>
<var>${booking_id}</var>
<arg>${response.json()}</arg>
<arg>bookingid</arg>
<doc>Returns a value from the given ``dictionary`` based on the given ``key``.</doc>
<status status="PASS" start="2025-12-19T11:17:00.321233" elapsed="0.001266"/>
</kw>
<return>
<value>${booking_id}</value>
<status status="PASS" start="2025-12-19T11:17:00.322679" elapsed="0.000172"/>
</return>
<msg time="2025-12-19T11:17:00.323201" level="INFO">${booking_id} = 3444</msg>
<var>${booking_id}</var>
<arg>${response}</arg>
<status status="PASS" start="2025-12-19T11:17:00.320534" elapsed="0.002807"/>
</kw>
<kw name="Log" owner="BuiltIn">
<msg time="2025-12-19T11:17:00.323986" level="INFO">Booking ID: 3444</msg>
<arg>Booking ID: ${booking_id}</arg>
<doc>Logs the given message with the given level.</doc>
<status status="PASS" start="2025-12-19T11:17:00.323612" elapsed="0.000563"/>
</kw>
<kw name="Set Suite Variable" owner="BuiltIn">
<msg time="2025-12-19T11:17:00.324958" level="INFO">${BOOKING_ID} = 3444</msg>
<arg>${BOOKING_ID}</arg>
<arg>${booking_id}</arg>
<doc>Makes a variable available everywhere within the scope of the current suite.</doc>
<status status="PASS" start="2025-12-19T11:17:00.324444" elapsed="0.000701"/>
</kw>
<doc>Test to create a booking and validate response</doc>
<status status="PASS" start="2025-12-19T11:16:59.394072" elapsed="0.931352"/>
</test>
<test id="s1-t2" name="GetBooking" line="31">
<kw name="Get Booking" owner="BookingAPI">
<kw name="GET On Session" owner="RequestsLibrary">
<msg time="2025-12-19T11:17:00.424803" level="INFO">GET Request : url=https://restful-booker.herokuapp.com/booking/3444 
 path_url=/booking/3444 
 headers={'User-Agent': 'python-requests/2.32.5', 'Accept-Encoding': 'gzip, deflate, zstd', 'Accept': '*/*', 'Connection': 'keep-alive'} 
 body=None 
 </msg>
<msg time="2025-12-19T11:17:00.425212" level="INFO">GET Response : url=https://restful-booker.herokuapp.com/booking/3444 
 status=200, reason=OK 
 headers={'Content-Length': '168', 'Content-Type': 'application/json; charset=utf-8', 'Date': 'Fri, 19 Dec 2025 16:17:00 GMT', 'Etag': 'W/"a8-g1zEKO56Oqa5GlM4Xzou0HvxI2Q"', 'Nel': '{"report_to":"heroku-nel","response_headers":["Via"],"max_age":3600,"success_fraction":0.01,"failure_fraction":0.1}', 'Report-To': '{"group":"heroku-nel","endpoints":[{"url":"https://nel.heroku.com/reports?s=pXV5UUon5kCoJfBmFZPp0DExQBK4GQ%2BQPk5GR8WlBK8%3D\\u0026sid=c46efe9b-d3d2-4a0c-8c76-bfafa16c5add\\u0026ts=1766161020"}],"max_age":3600}', 'Reporting-Endpoints': 'heroku-nel="https://nel.heroku.com/reports?s=pXV5UUon5kCoJfBmFZPp0DExQBK4GQ%2BQPk5GR8WlBK8%3D&amp;sid=c46efe9b-d3d2-4a0c-8c76-bfafa16c5add&amp;ts=1766161020"', 'Server': 'Heroku', 'Via': '1.1 heroku-router', 'X-Powered-By': 'Express'} 
 body={"firstname":"Jim","lastname":"Brown","totalprice":111,"depositpaid":true,"bookingdates":{"checkin":"2018-07-01","checkout":"2019-07-20"},"additionalneeds":"Breakfast"} 
 </msg>
<msg time="2025-12-19T11:17:00.425723" level="INFO">${response} = &lt;Response [200]&gt;</msg>
<var>${response}</var>
<arg>booking_api</arg>
<arg>${BOOKING_ENDPOINT}/${booking_id}</arg>
<doc>Sends a GET request on a previously created HTTP Session.</doc>
<status status="PASS" start="2025-12-19T11:17:00.327903" elapsed="0.097999"/>
</kw>
<return>
<value>${response}</value>
<status status="PASS" start="2025-12-19T11:17:00.426185" elapsed="0.000219"/>
</return>
<msg time="2025-12-19T11:17:00.426827" level="INFO">${response} = &lt;Response [200]&gt;</msg>
<var>${response}</var>
<arg>${BOOKING_ID}</arg>
<status status="PASS" start="2025-12-19T11:17:00.327242" elapsed="0.099784"/>
</kw>
<kw name="Log" owner="BuiltIn">
<msg time="2025-12-19T11:17:00.428651" level="INFO">Status Code: 200</msg>
<arg>Status Code: ${response.status_code}</arg>
<doc>Logs the given message with the given level.</doc>
<status status="PASS" start="2025-12-19T11:17:00.427401" elapsed="0.001535"/>
</kw>
<kw name="Log" owner="BuiltIn">
<msg time="2025-12-19T11:17:00.430680" level="INFO">Response Text: {"firstname":"Jim","lastname":"Brown","totalprice":111,"depositpaid":true,"bookingdates":{"checkin":"2018-07-01","checkout":"2019-07-20"},"additionalneeds":"Breakfast"}</msg>
<arg>Response Text: ${response.text}</arg>
<doc>Logs the given message with the given level.</doc>
<status status="PASS" start="2025-12-19T11:17:00.429381" elapsed="0.001635"/>
</kw>
<kw name="Should Be Equal As Integers" owner="BuiltIn">
<msg time="2025-12-19T11:17:00.432610" level="INFO">Argument types are:
&lt;class 'int'&gt;
&lt;class 'str'&gt;</msg>
<arg>${response.status_code}</arg>
<arg>200</arg>
<doc>Fails if objects are unequal after converting them to integers.</doc>
<status status="PASS" start="2025-12-19T11:17:00.431398" elapsed="0.001503"/>
</kw>
<kw name="Get From Dictionary" owner="Collections">
<msg time="2025-12-19T11:17:00.434723" level="INFO">${firstName} = Jim</msg>
<var>${firstName}</var>
<arg>${response.json()}</arg>
<arg>firstname</arg>
<doc>Returns a value from the given ``dictionary`` based on the given ``key``.</doc>
<status status="PASS" start="2025-12-19T11:17:00.433301" elapsed="0.001634"/>
</kw>
<kw name="Get From Dictionary" owner="Collections">
<msg time="2025-12-19T11:17:00.436749" level="INFO">${lastName} = Brown</msg>
<var>${lastName}</var>
<arg>${response.json()}</arg>
<arg>lastname</arg>
<doc>Returns a value from the given ``dictionary`` based on the given ``key``.</doc>
<status status="PASS" start="2025-12-19T11:17:00.435341" elapsed="0.001638"/>
</kw>
<kw name="Get From Dictionary" owner="Collections">
<msg time="2025-12-19T11:17:00.438775" level="INFO">${totalPrice} = 111</msg>
<var>${totalPrice}</var>
<arg>${response.json()}</arg>
<arg>totalprice</arg>
<doc>Returns a value from the given ``dictionary`` based on the given ``key``.</doc>
<status status="PASS" start="2025-12-19T11:17:00.437378" elapsed="0.001638"/>
</kw>
<kw name="Log" owner="BuiltIn">
<msg time="2025-12-19T11:17:00.439879" level="INFO">First Name: Jim</msg>
<arg>First Name: ${firstName}</arg>
<doc>Logs the given message with the given level.</doc>
<status status="PASS" start="2025-12-19T11:17:00.439399" elapsed="0.001145"/>
</kw>
<kw name="Log" owner="BuiltIn">
<msg time="2025-12-19T11:17:00.441456" level="INFO">Last Name: Brown</msg>
<arg>Last Name: ${lastName}</arg>
<doc>Logs the given message with the given level.</doc>
<status status="PASS" start="2025-12-19T11:17:00.440942" elapsed="0.000760"/>
</kw>
<kw name="Log" owner="BuiltIn">
<msg time="2025-12-19T11:17:00.442408" level="INFO">Total Price: 111</msg>
<arg>Total Price: ${totalPrice}</arg>
<doc>Logs the given message with the given level.</doc>
<status status="PASS" start="2025-12-19T11:17:00.442022" elapsed="0.000599"/>
</kw>
<kw name="Get From Dictionary" owner="Collections">
<msg time="2025-12-19T11:17:00.443876" level="INFO">${bookingdates} = {'checkin': '2018-07-01', 'checkout': '2019-07-20'}</msg>
<var>${bookingdates}</var>
<arg>${response.json()}</arg>
<arg>bookingdates</arg>
<doc>Returns a value from the given ``dictionary`` based on the given ``key``.</doc>
<status status="PASS" start="2025-12-19T11:17:00.442901" elapsed="0.001107"/>
</kw>
<kw name="Get From Dictionary" owner="Collections">
<msg time="2025-12-19T11:17:00.444532" level="INFO">${checkin} = 2018-07-01</msg>
<var>${checkin}</var>
<arg>${bookingdates}</arg>
<arg>checkin</arg>
<doc>Returns a value from the given ``dictionary`` based on the given ``key``.</doc>
<status status="PASS" start="2025-12-19T11:17:00.444205" elapsed="0.000425"/>
</kw>
<kw name="Get From Dictionary" owner="Collections">
<msg time="2025-12-19T11:17:00.445148" level="INFO">${checkout} = 2019-07-20</msg>
<var>${checkout}</var>
<arg>${bookingdates}</arg>
<arg>checkout</arg>
<doc>Returns a value from the given ``dictionary`` based on the given ``key``.</doc>
<status status="PASS" start="2025-12-19T11:17:00.444811" elapsed="0.000431"/>
</kw>
<kw name="Log" owner="BuiltIn">
<msg time="2025-12-19T11:17:00.445644" level="INFO">Check-in Date: 2018-07-01</msg>
<arg>Check-in Date: ${checkin}</arg>
<doc>Logs the given message with the given level.</doc>
<status status="PASS" start="2025-12-19T11:17:00.445417" elapsed="0.000351"/>
</kw>
<kw name="Log" owner="BuiltIn">
<msg time="2025-12-19T11:17:00.446190" level="INFO">Check-out Date: 2019-07-20</msg>
<arg>Check-out Date: ${checkout}</arg>
<doc>Logs the given message with the given level.</doc>
<status status="PASS" start="2025-12-19T11:17:00.445932" elapsed="0.000376"/>
</kw>
<kw name="Should Be Equal" owner="BuiltIn">
<arg>${firstName}</arg>
<arg>${FIRSTNAME}</arg>
<doc>Fails if the given objects are unequal.</doc>
<status status="PASS" start="2025-12-19T11:17:00.446475" elapsed="0.000298"/>
</kw>
<kw name="Should Be Equal" owner="BuiltIn">
<arg>${lastName}</arg>
<arg>${LASTNAME}</arg>
<doc>Fails if the given objects are unequal.</doc>
<status status="PASS" start="2025-12-19T11:17:00.446940" elapsed="0.000325"/>
</kw>
<kw name="Should Be Equal As Integers" owner="BuiltIn">
<arg>${totalPrice}</arg>
<arg>${TOTALPRICE}</arg>
<doc>Fails if objects are unequal after converting them to integers.</doc>
<status status="PASS" start="2025-12-19T11:17:00.447441" elapsed="0.000323"/>
</kw>
<kw name="Should Be Equal" owner="BuiltIn">
<arg>${checkin}</arg>
<arg>${CHECKIN}</arg>
<doc>Fails if the given objects are unequal.</doc>
<status status="PASS" start="2025-12-19T11:17:00.447970" elapsed="0.000314"/>
</kw>
<kw name="Should Be Equal" owner="BuiltIn">
<arg>${checkout}</arg>
<arg>${CHECKOUT}</arg>
<doc>Fails if the given objects are unequal.</doc>
<status status="PASS" start="2025-12-19T11:17:00.448471" elapsed="0.000337"/>
</kw>
<doc>Test to get a booking by ID and validate response</doc>
<tag>get_booking</tag>
<status status="PASS" start="2025-12-19T11:17:00.326379" elapsed="0.122677"/>
</test>
<status status="PASS" start="2025-12-19T11:16:58.989703" elapsed="1.460538"/>
</suite>
<statistics>
<total>
<stat pass="2" fail="0" skip="0">All Tests</stat>
</total>
<tag>
<stat pass="1" fail="0" skip="0">get_booking</stat>
</tag>
<suite>
<stat name="ApiTesting" id="s1" pass="2" fail="0" skip="0">ApiTesting</stat>
</suite>
</statistics>
<errors>
</errors>
</robot>
